info: GET in /api/docs - function toLocaleTimeString() { [native code] }
info: GET in /apidocs - function toLocaleTimeString() { [native code] }
info: GET in /apidocs/ - function toLocaleTimeString() { [native code] }
info: GET in /apidocs/swagger-ui.css - function toLocaleTimeString() { [native code] }
info: GET in /apidocs/swagger-ui-bundle.js - function toLocaleTimeString() { [native code] }
info: GET in /apidocs/swagger-ui-standalone-preset.js - function toLocaleTimeString() { [native code] }
info: GET in /apidocs/swagger-ui-init.js - function toLocaleTimeString() { [native code] }
info: GET in /apidocs/favicon-32x32.png - function toLocaleTimeString() { [native code] }
info: GET in /apidocs/favicon-32x32.png - function toLocaleTimeString() { [native code] }
info: GET in /apidocs/favicon-32x32.png - function toLocaleTimeString() { [native code] }
info: GET in /apidocs/favicon-32x32.png - function toLocaleTimeString() { [native code] }
info: GET in /apidocs/favicon-32x32.png - function toLocaleTimeString() { [native code] }
info: GET in /apidocs/favicon-32x32.png - function toLocaleTimeString() { [native code] }
info: GET in /api/products?limit=10&page=1 - function toLocaleTimeString() { [native code] }
info: GET in /apidocs/favicon-32x32.png - function toLocaleTimeString() { [native code] }
info: GET in /apidocs/favicon-32x32.png - function toLocaleTimeString() { [native code] }
info: GET in /apidocs/favicon-32x32.png - function toLocaleTimeString() { [native code] }
info: GET in / - function toLocaleTimeString() { [native code] }
info: GET in /login - function toLocaleTimeString() { [native code] }
info: GET in /css/styles.css - function toLocaleTimeString() { [native code] }
info: GET in /js/login.js - function toLocaleTimeString() { [native code] }
info: GET in /js/addProductCart.js - function toLocaleTimeString() { [native code] }
info: POST in /api/session/login - function toLocaleTimeString() { [native code] }
info: GET in /products - function toLocaleTimeString() { [native code] }
info: GET in /api/products - function toLocaleTimeString() { [native code] }
info: GET in /img/xiaomi.jpg - function toLocaleTimeString() { [native code] }
info: GET in /css/styles.css - function toLocaleTimeString() { [native code] }
info: GET in /img/iphone.jpg - function toLocaleTimeString() { [native code] }
info: GET in /img/galaxy.jpg - function toLocaleTimeString() { [native code] }
info: GET in /js/addProductCart.js - function toLocaleTimeString() { [native code] }
info: GET in /img/edge.jpg - function toLocaleTimeString() { [native code] }
info: GET in /css/styles.css - function toLocaleTimeString() { [native code] }
info: GET in /apidocs/favicon-32x32.png - function toLocaleTimeString() { [native code] }
info: GET in /apidocs/favicon-32x32.png - function toLocaleTimeString() { [native code] }
info: GET in /apidocs/favicon-32x32.png - function toLocaleTimeString() { [native code] }
info: GET in /apidocs/favicon-32x32.png - function toLocaleTimeString() { [native code] }
info: PUT in /api/products/6456c1b4bde9e2d17c72a5g - function toLocaleTimeString() { [native code] }
info: GET in /apidocs/favicon-32x32.png - function toLocaleTimeString() { [native code] }
info: GET in /apidocs/favicon-32x32.png - function toLocaleTimeString() { [native code] }
info: GET in /apidocs/favicon-32x32.png - function toLocaleTimeString() { [native code] }
info: GET in /api/session/logout - function toLocaleTimeString() { [native code] }
info: GET in / - function toLocaleTimeString() { [native code] }
info: GET in /login - function toLocaleTimeString() { [native code] }
info: GET in /css/styles.css - function toLocaleTimeString() { [native code] }
info: GET in /js/login.js - function toLocaleTimeString() { [native code] }
info: GET in /js/addProductCart.js - function toLocaleTimeString() { [native code] }
info: GET in /apidocs/favicon-32x32.png - function toLocaleTimeString() { [native code] }
info: PUT in /api/products/6456c1b4bde9e2d17c72a5g - function toLocaleTimeString() { [native code] }
info: PUT in /api/products/6456c1b4bde9e2d17c72a5g - function toLocaleTimeString() { [native code] }
info: PUT in /api/products/6456c1b4bde9e2d17c72a5g - function toLocaleTimeString() { [native code] }
info: PUT in /api/products/6456c1b4bde9e2d17c72a5g - function toLocaleTimeString() { [native code] }
info: PUT in /api/products/6456c1b4bde9e2d17c72a5g - function toLocaleTimeString() { [native code] }
info: GET in /login - function toLocaleTimeString() { [native code] }
info: GET in /css/styles.css - function toLocaleTimeString() { [native code] }
info: GET in /js/login.js - function toLocaleTimeString() { [native code] }
info: GET in /js/addProductCart.js - function toLocaleTimeString() { [native code] }
info: GET in /favicon.ico - function toLocaleTimeString() { [native code] }
info: GET in /login - function toLocaleTimeString() { [native code] }
info: GET in /css/styles.css - function toLocaleTimeString() { [native code] }
info: GET in /js/login.js - function toLocaleTimeString() { [native code] }
info: GET in /js/addProductCart.js - function toLocaleTimeString() { [native code] }
info: GET in /authGithub/github - function toLocaleTimeString() { [native code] }
info: GET in /authGithub/githubSession?code=3f62bd0353e89c76a0d6 - function toLocaleTimeString() { [native code] }
info: GET in /api/products - function toLocaleTimeString() { [native code] }
info: GET in /products - function toLocaleTimeString() { [native code] }
info: GET in /login - function toLocaleTimeString() { [native code] }
info: GET in /css/styles.css - function toLocaleTimeString() { [native code] }
info: GET in /js/login.js - function toLocaleTimeString() { [native code] }
info: GET in /js/addProductCart.js - function toLocaleTimeString() { [native code] }
info: POST in /api/session/login - function toLocaleTimeString() { [native code] }
info: GET in /products - function toLocaleTimeString() { [native code] }
info: GET in /api/products - function toLocaleTimeString() { [native code] }
info: GET in /css/styles.css - function toLocaleTimeString() { [native code] }
info: GET in /js/addProductCart.js - function toLocaleTimeString() { [native code] }
info: GET in /public/images/xiaomi.jpg - function toLocaleTimeString() { [native code] }
info: GET in /public/img/iphone.jpg - function toLocaleTimeString() { [native code] }
info: GET in /img/galaxy.jpg - function toLocaleTimeString() { [native code] }
info: GET in /img/edge.jpg - function toLocaleTimeString() { [native code] }
info: GET in /[%22img/iphone.jpg%22] - function toLocaleTimeString() { [native code] }
info: GET in /carts/ - function toLocaleTimeString() { [native code] }
info: GET in /api/session/logout - function toLocaleTimeString() { [native code] }
info: GET in / - function toLocaleTimeString() { [native code] }
info: GET in /login - function toLocaleTimeString() { [native code] }
info: GET in /css/styles.css - function toLocaleTimeString() { [native code] }
info: GET in /js/login.js - function toLocaleTimeString() { [native code] }
info: GET in /js/addProductCart.js - function toLocaleTimeString() { [native code] }
info: GET in /recoverPassword - function toLocaleTimeString() { [native code] }
info: GET in /css/styles.css - function toLocaleTimeString() { [native code] }
info: GET in /js/recoverPassword.js - function toLocaleTimeString() { [native code] }
info: GET in /js/addProductCart.js - function toLocaleTimeString() { [native code] }
info: GET in /api/session/recoverPasswordEmail/admin@coder.com - function toLocaleTimeString() { [native code] }
info: Password reset link sent to admin@coder.com
info: GET in /recoverChangePassword - function toLocaleTimeString() { [native code] }
info: GET in /recoverChange - function toLocaleTimeString() { [native code] }
info: GET in /js/changePassword.js - function toLocaleTimeString() { [native code] }
info: GET in /css/styles.css - function toLocaleTimeString() { [native code] }
info: GET in /js/addProductCart.js - function toLocaleTimeString() { [native code] }
info: PUT in /api/session/changePass - function toLocaleTimeString() { [native code] }
info: PUT in /api/session/changePass - function toLocaleTimeString() { [native code] }
info: GET in / - function toLocaleTimeString() { [native code] }
info: GET in /login - function toLocaleTimeString() { [native code] }
info: GET in /css/styles.css - function toLocaleTimeString() { [native code] }
info: GET in /js/login.js - function toLocaleTimeString() { [native code] }
info: GET in /js/addProductCart.js - function toLocaleTimeString() { [native code] }
info: GET in /recoverPassword - function toLocaleTimeString() { [native code] }
info: GET in /css/styles.css - function toLocaleTimeString() { [native code] }
info: GET in /js/recoverPassword.js - function toLocaleTimeString() { [native code] }
info: GET in /js/addProductCart.js - function toLocaleTimeString() { [native code] }
